#
# There is insufficient memory for the Java Runtime Environment to continue.
# Native memory allocation (mmap) failed to map 255852544 bytes. Error detail: G1 virtual space
# Possible reasons:
#   The system is out of physical RAM or swap space
#   This process is running with CompressedOops enabled, and the Java Heap may be blocking the growth of the native heap
# Possible solutions:
#   Reduce memory load on the system
#   Increase physical memory or swap space
#   Check if swap backing store is full
#   Decrease Java heap size (-Xmx/-Xms)
#   Decrease number of Java threads
#   Decrease Java thread stack sizes (-Xss)
#   Set larger code cache with -XX:ReservedCodeCacheSize=
#   JVM is running with Zero Based Compressed Oops mode in which the Java heap is
#     placed in the first 32GB address space. The Java Heap base address is the
#     maximum limit for the native heap growth. Please use -XX:HeapBaseMinAddress
#     to set the Java Heap base and to place the Java Heap above 32GB virtual address.
# This output file may be truncated or incomplete.
#
#  Out of Memory Error (os_windows.cpp:3631), pid=1972, tid=12624
#
# JRE version:  (22.0.1+8) (build )
# Java VM: OpenJDK 64-Bit Server VM (22.0.1+8-16, mixed mode, sharing, tiered, compressed oops, compressed class ptrs, g1 gc, windows-amd64)
# No core dump will be written. Minidumps are not enabled by default on client versions of Windows
#

---------------  S U M M A R Y ------------

Command Line: -Dnet.bytebuddy.agent.attacher.dump= net.bytebuddy.agent.Attacher com.sun.tools.attach.VirtualMachine 18892 D:\maven\maven_repository\net\bytebuddy\byte-buddy-agent\1.14.16\byte-buddy-agent-1.14.16.jar false 

Host: AMD Ryzen 7 6800H with Radeon Graphics         , 16 cores, 15G,  Windows 11 , 64 bit Build 22000 (10.0.22000.1335)
Time: Tue Jun 25 11:18:53 2024  Windows 11 , 64 bit Build 22000 (10.0.22000.1335) elapsed time: 0.007475 seconds (0d 0h 0m 0s)

---------------  T H R E A D  ---------------

Current thread (0x000001a9473504a0):  JavaThread "Unknown thread" [_thread_in_vm, id=12624, stack(0x0000002518900000,0x0000002518a00000) (1024K)]

Stack: [0x0000002518900000,0x0000002518a00000]
Native frames: (J=compiled Java code, j=interpreted, Vv=VM code, C=native code)
V  [jvm.dll+0x6e2279]  (no source info available)
V  [jvm.dll+0x874e33]  (no source info available)
V  [jvm.dll+0x87725e]  (no source info available)
V  [jvm.dll+0x877933]  (no source info available)
V  [jvm.dll+0x27fd76]  (no source info available)
V  [jvm.dll+0x6de915]  (no source info available)
V  [jvm.dll+0x6d341a]  (no source info available)
V  [jvm.dll+0x3589da]  (no source info available)
V  [jvm.dll+0x360f06]  (no source info available)
V  [jvm.dll+0x3b3e2e]  (no source info available)
V  [jvm.dll+0x3b40d8]  (no source info available)
V  [jvm.dll+0x32c59c]  (no source info available)
V  [jvm.dll+0x32d158]  (no source info available)
V  [jvm.dll+0x83ccdc]  (no source info available)
V  [jvm.dll+0x3c0d71]  (no source info available)
V  [jvm.dll+0x825ccc]  (no source info available)
V  [jvm.dll+0x45b8fe]  (no source info available)
V  [jvm.dll+0x45d781]  (no source info available)
C  [jli.dll+0x52a3]  (no source info available)
C  [ucrtbase.dll+0x26c0c]  (no source info available)
C  [KERNEL32.DLL+0x155a0]  (no source info available)
C  [ntdll.dll+0x485b]  (no source info available)


---------------  P R O C E S S  ---------------

Threads class SMR info:
_java_thread_list=0x00007ffaf6aeb1c8, length=0, elements={
}

Java Threads: ( => current thread )
Total: 0

Other Threads:
  0x000001a9476a29b0 WorkerThread "GC Thread#0"                     [id=14004, stack(0x0000002518a00000,0x0000002518b00000) (1024K)]
  0x000001a9476b2ec0 ConcurrentGCThread "G1 Main Marker"            [id=14556, stack(0x0000002518b00000,0x0000002518c00000) (1024K)]
  0x000001a9476b4070 WorkerThread "G1 Conc#0"                       [id=14632, stack(0x0000002518c00000,0x0000002518d00000) (1024K)]

[error occurred during error reporting (printing all threads), id 0xc0000005, EXCEPTION_ACCESS_VIOLATION (0xc0000005) at pc=0x00007ffaf623f367]
VM state: not at safepoint (not fully initialized)

VM Mutex/Monitor currently owned by a thread:  ([mutex/lock_event])
[0x00007ffaf6b6bcb8] Heap_lock - owner thread: 0x000001a9473504a0

Heap address: 0x000000070ce00000, size: 3890 MB, Compressed Oops mode: Zero based, Oop shift amount: 3

CDS archive(s) mapped at: [0x0000000000000000-0x0000000000000000-0x0000000000000000), size 0, SharedBaseAddress: 0x0000000800000000, ArchiveRelocationMode: 1.
Narrow klass base: 0x0000000000000000, Narrow klass shift: 0, Narrow klass range: 0x0

GC Precious Log:
 CardTable entry size: 512
 Card Set container configuration: InlinePtr #cards 4 size 8 Array Of Cards #cards 16 size 48 Howl #buckets 8 coarsen threshold 3686 Howl Bitmap #cards 512 size 80 coarsen threshold 460 Card regions per heap region 1 cards per card region 4096

Heap:
 garbage-first heap   total reserved 3983360K, committed 0K, used 0K [0x000000070ce00000, 0x0000000800000000)
  region size 2048K, 0 young (0K), 0 survivors (0K)

[error occurred during error reporting (printing heap information), id 0xc0000005, EXCEPTION_ACCESS_VIOLATION (0xc0000005) at pc=0x00007ffaf663e429]
GC Heap History (0 events):
No events

Dll operation events (1 events):
Event: 0.005 Loaded shared library D:\jdk1.8\jdk\bin\java.dll

Deoptimization events (0 events):
No events

Classes loaded (0 events):
No events

Classes unloaded (0 events):
No events

Classes redefined (0 events):
No events

Internal exceptions (0 events):
No events

ZGC Phase Switch (0 events):
No events

VM Operations (0 events):
No events

Events (0 events):
No events


Dynamic libraries:
0x00007ff77d840000 - 0x00007ff77d84e000 	D:\jdk1.8\jdk\bin\java.exe
0x00007ffb79f40000 - 0x00007ffb7a149000 	C:\Windows\SYSTEM32\ntdll.dll
0x00007ffb78bc0000 - 0x00007ffb78c7e000 	C:\Windows\System32\KERNEL32.DLL
0x00007ffb77910000 - 0x00007ffb77c8b000 	C:\Windows\System32\KERNELBASE.dll
0x00007ffb77410000 - 0x00007ffb77521000 	C:\Windows\System32\ucrtbase.dll
0x00007ffb5cd50000 - 0x00007ffb5cd67000 	D:\jdk1.8\jdk\bin\jli.dll
0x00007ffb59af0000 - 0x00007ffb59b0b000 	D:\jdk1.8\jdk\bin\VCRUNTIME140.dll
0x00007ffb78a10000 - 0x00007ffb78bbd000 	C:\Windows\System32\USER32.dll
0x00007ffb77860000 - 0x00007ffb77886000 	C:\Windows\System32\win32u.dll
0x00007ffb5f7c0000 - 0x00007ffb5fa65000 	C:\Windows\WinSxS\amd64_microsoft.windows.common-controls_6595b64144ccf1df_6.0.22000.120_none_9d947278b86cc467\COMCTL32.dll
0x00007ffb78140000 - 0x00007ffb78169000 	C:\Windows\System32\GDI32.dll
0x00007ffb77530000 - 0x00007ffb77648000 	C:\Windows\System32\gdi32full.dll
0x00007ffb78770000 - 0x00007ffb78813000 	C:\Windows\System32\msvcrt.dll
0x00007ffb777c0000 - 0x00007ffb7785d000 	C:\Windows\System32\msvcp_win.dll
0x00007ffb784f0000 - 0x00007ffb78522000 	C:\Windows\System32\IMM32.DLL
0x00007ffb60570000 - 0x00007ffb6057c000 	D:\jdk1.8\jdk\bin\vcruntime140_1.dll
0x00007ffb46c40000 - 0x00007ffb46cce000 	D:\jdk1.8\jdk\bin\msvcp140.dll
0x00007ffaf5f00000 - 0x00007ffaf6c47000 	D:\jdk1.8\jdk\bin\server\jvm.dll
0x00007ffb79440000 - 0x00007ffb794ee000 	C:\Windows\System32\ADVAPI32.dll
0x00007ffb78070000 - 0x00007ffb7810e000 	C:\Windows\System32\sechost.dll
0x00007ffb792b0000 - 0x00007ffb793d0000 	C:\Windows\System32\RPCRT4.dll
0x00007ffb79cc0000 - 0x00007ffb79d2f000 	C:\Windows\System32\WS2_32.dll
0x00007ffb76a40000 - 0x00007ffb76a8d000 	C:\Windows\SYSTEM32\POWRPROF.dll
0x00007ffb6fa30000 - 0x00007ffb6fa63000 	C:\Windows\SYSTEM32\WINMM.dll
0x00007ffb6de60000 - 0x00007ffb6de6a000 	C:\Windows\SYSTEM32\VERSION.dll
0x00007ffb76910000 - 0x00007ffb76923000 	C:\Windows\SYSTEM32\UMPDC.dll
0x00007ffb76500000 - 0x00007ffb76518000 	C:\Windows\SYSTEM32\kernel.appcore.dll
0x00007ffb5cd40000 - 0x00007ffb5cd4a000 	D:\jdk1.8\jdk\bin\jimage.dll
0x00007ffb6d710000 - 0x00007ffb6d931000 	C:\Windows\SYSTEM32\DBGHELP.DLL
0x00007ffb6d6d0000 - 0x00007ffb6d701000 	C:\Windows\SYSTEM32\dbgcore.DLL
0x00007ffb77890000 - 0x00007ffb7790f000 	C:\Windows\System32\bcryptPrimitives.dll
0x00007ffb595c0000 - 0x00007ffb595de000 	D:\jdk1.8\jdk\bin\java.dll
0x00007ffb79500000 - 0x00007ffb79cb7000 	C:\Windows\System32\SHELL32.dll
0x00007ffb785d0000 - 0x00007ffb7876a000 	C:\Windows\System32\ole32.dll
0x00007ffb78170000 - 0x00007ffb784e8000 	C:\Windows\System32\combase.dll

dbghelp: loaded successfully - version: 4.0.5 - missing functions: none
symbol engine: initialized successfully - sym options: 0x614 - pdb path: .;D:\jdk1.8\jdk\bin;C:\Windows\SYSTEM32;C:\Windows\WinSxS\amd64_microsoft.windows.common-controls_6595b64144ccf1df_6.0.22000.120_none_9d947278b86cc467;D:\jdk1.8\jdk\bin\server

VM Arguments:
jvm_args: -Dnet.bytebuddy.agent.attacher.dump= 
java_command: net.bytebuddy.agent.Attacher com.sun.tools.attach.VirtualMachine 18892 D:\maven\maven_repository\net\bytebuddy\byte-buddy-agent\1.14.16\byte-buddy-agent-1.14.16.jar false 
java_class_path (initial): D:\maven\maven_repository\net\bytebuddy\byte-buddy-agent\1.14.16\byte-buddy-agent-1.14.16.jar
Launcher Type: SUN_STANDARD

[Global flags]
     intx CICompilerCount                          = 12                                        {product} {ergonomic}
     uint ConcGCThreads                            = 3                                         {product} {ergonomic}
     uint G1ConcRefinementThreads                  = 13                                        {product} {ergonomic}
   size_t G1HeapRegionSize                         = 2097152                                   {product} {ergonomic}
   size_t InitialHeapSize                          = 255852544                                 {product} {ergonomic}
   size_t MarkStackSize                            = 4194304                                   {product} {ergonomic}
   size_t MaxHeapSize                              = 4078960640                                {product} {ergonomic}
   size_t MinHeapDeltaBytes                        = 2097152                                   {product} {ergonomic}
   size_t MinHeapSize                              = 8388608                                   {product} {ergonomic}
    uintx NonNMethodCodeHeapSize                   = 7602480                                {pd product} {ergonomic}
    uintx NonProfiledCodeHeapSize                  = 122027880                              {pd product} {ergonomic}
    uintx ProfiledCodeHeapSize                     = 122027880                              {pd product} {ergonomic}
    uintx ReservedCodeCacheSize                    = 251658240                              {pd product} {ergonomic}
     bool SegmentedCodeCache                       = true                                      {product} {ergonomic}
   size_t SoftMaxHeapSize                          = 4078960640                             {manageable} {ergonomic}
     bool UseCompressedOops                        = true                           {product lp64_product} {ergonomic}
     bool UseG1GC                                  = true                                      {product} {ergonomic}
     bool UseLargePagesIndividualAllocation        = false                                  {pd product} {ergonomic}

Logging:
Log output configuration:
 #0: stdout all=warning uptime,level,tags foldmultilines=false
 #1: stderr all=off uptime,level,tags foldmultilines=false

Environment Variables:
JAVA_HOME=D:\javajava
PATH=D:\python\Scripts\;D:\python\;%JAVA_HOME%\bin;%JAVA_HOME%\jre\bin;C:\Program Files (x86)\Common Files\Oracle\Java\javapath;C:\Windows\system32;C:\Windows;C:\Windows\System32\Wbem;C:\Windows\System32\WindowsPowerShell\v1.0\;C:\Windows\System32\OpenSSH\;C:\Program Files (x86)\NVIDIA Corporation\PhysX\Common;C:\Program Files\NVIDIA Corporation\NVIDIA NvDLISR;C:\Program Files\dotnet\;D:\ѧϰ\gitee\Git\cmd;D:\vsvs\mingwx\mingw64\bin;D:\MySQL\install\bin;D:\nodejs\;D:\maven\apache-maven-3.9.8\bin;D:\javajava\bin;D:\javajava\jre\bin;C:\Users\np110\AppData\Local\Microsoft\WindowsApps;D:\vsvs\Microsoft VS Code\bin;C:\Users\np110\.dotnet\tools:D:\vsvs\mingwx\mingw64\bin;C:\Users\np110\AppData\Roaming\npm
USERNAME=np110
OS=Windows_NT
PROCESSOR_IDENTIFIER=AMD64 Family 25 Model 68 Stepping 1, AuthenticAMD
TMP=C:\Users\np110\AppData\Local\Temp
TEMP=C:\Users\np110\AppData\Local\Temp




Periodic native trim disabled

---------------  S Y S T E M  ---------------

OS:
 Windows 11 , 64 bit Build 22000 (10.0.22000.1335)
OS uptime: 0 days 1:30 hours

CPU: total 16 (initial active 16) (16 cores per cpu, 2 threads per core) family 25 model 68 stepping 1 microcode 0x0, cx8, cmov, fxsr, ht, mmx, 3dnowpref, sse, sse2, sse3, ssse3, sse4a, sse4.1, sse4.2, popcnt, lzcnt, tsc, tscinvbit, avx, avx2, aes, clmul, bmi1, bmi2, adx, sha, fma, vzeroupper, clflush, clflushopt, rdtscp, rdpid, f16c, pku, cet_ss
Processor Information for all 16 processors :
  Max Mhz: 3201, Current Mhz: 3201, Mhz Limit: 3201

Memory: 4k page, system-wide physical 15557M (4003M free)
TotalPageFile size 19717M (AvailPageFile size 36M)
current process WorkingSet (physical memory assigned to process): 12M, peak: 12M
current process commit charge ("private bytes"): 71M, peak: 314M

vm_info: OpenJDK 64-Bit Server VM (22.0.1+8-16) for windows-amd64 JRE (22.0.1+8-16), built on 2024-03-12T10:33:16Z by "mach5one" with MS VC++ 17.6 (VS2022)

END.
